{"C:\\Users\\Alex\\Desktop\\testing\\git-users\\src\\Components\\InputUser\\InputUser.tsx": {"path":"C:\\Users\\Alex\\Desktop\\testing\\git-users\\src\\Components\\InputUser\\InputUser.tsx","statementMap":{"0":{"start":{"line":5,"column":32},"end":{"line":35,"column":2}},"1":{"start":{"line":7,"column":25},"end":{"line":7,"column":35}},"2":{"start":{"line":9,"column":29},"end":{"line":9,"column":64}},"3":{"start":{"line":10,"column":30},"end":{"line":10,"column":34}},"4":{"start":{"line":12,"column":4},"end":{"line":15,"column":5}},"5":{"start":{"line":13,"column":8},"end":{"line":13,"column":43}},"6":{"start":{"line":14,"column":8},"end":{"line":14,"column":50}},"7":{"start":{"line":17,"column":4},"end":{"line":34,"column":5}}},"fnMap":{"0":{"name":"(anonymous_0)","decl":{"start":{"line":5,"column":41},"end":{"line":5,"column":42}},"loc":{"start":{"line":5,"column":47},"end":{"line":35,"column":1}},"line":5}},"branchMap":{"0":{"loc":{"start":{"line":12,"column":4},"end":{"line":15,"column":5}},"type":"if","locations":[{"start":{"line":12,"column":4},"end":{"line":15,"column":5}},{"start":{"line":12,"column":4},"end":{"line":15,"column":5}}],"line":12}},"s":{"0":2,"1":5,"2":5,"3":5,"4":5,"5":2,"6":2,"7":5},"f":{"0":5},"b":{"0":[2,3]},"_coverageSchema":"1a1c01bbd47fc00a2c39e90264f33305004495a9","hash":"fa292234cff3da36e3186a087460af14b90e109c"}
,"C:\\Users\\Alex\\Desktop\\testing\\git-users\\src\\Components\\RepoCard\\RepoCard.tsx": {"path":"C:\\Users\\Alex\\Desktop\\testing\\git-users\\src\\Components\\RepoCard\\RepoCard.tsx","statementMap":{"0":{"start":{"line":10,"column":42},"end":{"line":57,"column":2}},"1":{"start":{"line":12,"column":4},"end":{"line":56,"column":5}}},"fnMap":{"0":{"name":"(anonymous_0)","decl":{"start":{"line":10,"column":51},"end":{"line":10,"column":52}},"loc":{"start":{"line":10,"column":63},"end":{"line":57,"column":1}},"line":10}},"branchMap":{},"s":{"0":2,"1":2},"f":{"0":2},"b":{},"_coverageSchema":"1a1c01bbd47fc00a2c39e90264f33305004495a9","hash":"4a111bae30aed5b25c376cb1fdf3e2d4782406c1"}
,"C:\\Users\\Alex\\Desktop\\testing\\git-users\\src\\Components\\RepoCard\\RepoCardInfo\\RepoCardInfo.tsx": {"path":"C:\\Users\\Alex\\Desktop\\testing\\git-users\\src\\Components\\RepoCard\\RepoCardInfo\\RepoCardInfo.tsx","statementMap":{"0":{"start":{"line":8,"column":50},"end":{"line":21,"column":2}},"1":{"start":{"line":9,"column":23},"end":{"line":9,"column":32}},"2":{"start":{"line":10,"column":21},"end":{"line":10,"column":119}},"3":{"start":{"line":12,"column":4},"end":{"line":19,"column":5}},"4":{"start":{"line":13,"column":8},"end":{"line":18,"column":9}},"5":{"start":{"line":20,"column":4},"end":{"line":20,"column":15}}},"fnMap":{"0":{"name":"(anonymous_0)","decl":{"start":{"line":8,"column":59},"end":{"line":8,"column":60}},"loc":{"start":{"line":8,"column":78},"end":{"line":21,"column":1}},"line":8}},"branchMap":{"0":{"loc":{"start":{"line":10,"column":21},"end":{"line":10,"column":119}},"type":"binary-expr","locations":[{"start":{"line":10,"column":21},"end":{"line":10,"column":43}},{"start":{"line":10,"column":47},"end":{"line":10,"column":68}},{"start":{"line":10,"column":72},"end":{"line":10,"column":98}},{"start":{"line":10,"column":102},"end":{"line":10,"column":119}}],"line":10},"1":{"loc":{"start":{"line":12,"column":4},"end":{"line":19,"column":5}},"type":"if","locations":[{"start":{"line":12,"column":4},"end":{"line":19,"column":5}},{"start":{"line":12,"column":4},"end":{"line":19,"column":5}}],"line":12}},"s":{"0":3,"1":2,"2":2,"3":2,"4":1,"5":1},"f":{"0":2},"b":{"0":[2,2,2,2],"1":[1,1]},"_coverageSchema":"1a1c01bbd47fc00a2c39e90264f33305004495a9","hash":"0207e265efae59ef1c3f836e6833bcd190430239"}
,"C:\\Users\\Alex\\Desktop\\testing\\git-users\\src\\Components\\UserCard\\UserCard.tsx": {"path":"C:\\Users\\Alex\\Desktop\\testing\\git-users\\src\\Components\\UserCard\\UserCard.tsx","statementMap":{"0":{"start":{"line":9,"column":42},"end":{"line":20,"column":1}},"1":{"start":{"line":11,"column":4},"end":{"line":19,"column":5}}},"fnMap":{"0":{"name":"(anonymous_0)","decl":{"start":{"line":9,"column":42},"end":{"line":9,"column":43}},"loc":{"start":{"line":9,"column":54},"end":{"line":20,"column":1}},"line":9}},"branchMap":{},"s":{"0":2,"1":4},"f":{"0":4},"b":{},"_coverageSchema":"1a1c01bbd47fc00a2c39e90264f33305004495a9","hash":"302eff749e99c6695dda7b27ee106267f0b67d47"}
,"C:\\Users\\Alex\\Desktop\\testing\\git-users\\src\\Components\\UserInfoBlock\\UserInfoBlock.tsx": {"path":"C:\\Users\\Alex\\Desktop\\testing\\git-users\\src\\Components\\UserInfoBlock\\UserInfoBlock.tsx","statementMap":{"0":{"start":{"line":7,"column":52},"end":{"line":26,"column":1}},"1":{"start":{"line":8,"column":23},"end":{"line":8,"column":32}},"2":{"start":{"line":9,"column":21},"end":{"line":9,"column":119}},"3":{"start":{"line":11,"column":4},"end":{"line":24,"column":5}},"4":{"start":{"line":12,"column":8},"end":{"line":23,"column":9}},"5":{"start":{"line":25,"column":4},"end":{"line":25,"column":15}}},"fnMap":{"0":{"name":"(anonymous_0)","decl":{"start":{"line":7,"column":52},"end":{"line":7,"column":53}},"loc":{"start":{"line":7,"column":71},"end":{"line":26,"column":1}},"line":7}},"branchMap":{"0":{"loc":{"start":{"line":9,"column":21},"end":{"line":9,"column":119}},"type":"binary-expr","locations":[{"start":{"line":9,"column":21},"end":{"line":9,"column":43}},{"start":{"line":9,"column":47},"end":{"line":9,"column":68}},{"start":{"line":9,"column":72},"end":{"line":9,"column":98}},{"start":{"line":9,"column":102},"end":{"line":9,"column":119}}],"line":9},"1":{"loc":{"start":{"line":11,"column":4},"end":{"line":24,"column":5}},"type":"if","locations":[{"start":{"line":11,"column":4},"end":{"line":24,"column":5}},{"start":{"line":11,"column":4},"end":{"line":24,"column":5}}],"line":11},"2":{"loc":{"start":{"line":17,"column":24},"end":{"line":19,"column":40}},"type":"cond-expr","locations":[{"start":{"line":18,"column":30},"end":{"line":18,"column":67}},{"start":{"line":19,"column":30},"end":{"line":19,"column":40}}],"line":17}},"s":{"0":2,"1":13,"2":13,"3":13,"4":6,"5":7},"f":{"0":13},"b":{"0":[13,13,9,9],"1":[6,7],"2":[1,5]},"_coverageSchema":"1a1c01bbd47fc00a2c39e90264f33305004495a9","hash":"d1e489d76caa8a6bb8fc31eb50acafcea8e71be2"}
,"C:\\Users\\Alex\\Desktop\\testing\\git-users\\src\\Pages\\MainPage\\MainPage.tsx": {"path":"C:\\Users\\Alex\\Desktop\\testing\\git-users\\src\\Pages\\MainPage\\MainPage.tsx","statementMap":{"0":{"start":{"line":9,"column":31},"end":{"line":41,"column":2}},"1":{"start":{"line":11,"column":25},"end":{"line":11,"column":35}},"2":{"start":{"line":13,"column":4},"end":{"line":40,"column":5}},"3":{"start":{"line":21,"column":32},"end":{"line":26,"column":33}}},"fnMap":{"0":{"name":"(anonymous_0)","decl":{"start":{"line":9,"column":40},"end":{"line":9,"column":41}},"loc":{"start":{"line":9,"column":46},"end":{"line":41,"column":1}},"line":9},"1":{"name":"(anonymous_1)","decl":{"start":{"line":20,"column":49},"end":{"line":20,"column":50}},"loc":{"start":{"line":20,"column":57},"end":{"line":27,"column":29}},"line":20}},"branchMap":{"0":{"loc":{"start":{"line":19,"column":24},"end":{"line":35,"column":34}},"type":"cond-expr","locations":[{"start":{"line":20,"column":30},"end":{"line":27,"column":30}},{"start":{"line":28,"column":30},"end":{"line":35,"column":34}}],"line":19}},"s":{"0":1,"1":2,"2":2,"3":2},"f":{"0":2,"1":2},"b":{"0":[1,1]},"_coverageSchema":"1a1c01bbd47fc00a2c39e90264f33305004495a9","hash":"a7c3d647d64483558d3557c065c9607da9deeac2"}
,"C:\\Users\\Alex\\Desktop\\testing\\git-users\\src\\Pages\\UserPage\\UserPage.tsx": {"path":"C:\\Users\\Alex\\Desktop\\testing\\git-users\\src\\Pages\\UserPage\\UserPage.tsx","statementMap":{"0":{"start":{"line":17,"column":42},"end":{"line":107,"column":2}},"1":{"start":{"line":19,"column":39},"end":{"line":19,"column":49}},"2":{"start":{"line":20,"column":22},"end":{"line":20,"column":50}},"3":{"start":{"line":22,"column":4},"end":{"line":29,"column":10}},"4":{"start":{"line":23,"column":8},"end":{"line":23,"column":39}},"5":{"start":{"line":24,"column":8},"end":{"line":24,"column":40}},"6":{"start":{"line":25,"column":8},"end":{"line":27,"column":9}},"7":{"start":{"line":26,"column":12},"end":{"line":26,"column":36}},"8":{"start":{"line":31,"column":4},"end":{"line":106,"column":5}}},"fnMap":{"0":{"name":"(anonymous_0)","decl":{"start":{"line":17,"column":51},"end":{"line":17,"column":52}},"loc":{"start":{"line":17,"column":62},"end":{"line":107,"column":1}},"line":17},"1":{"name":"(anonymous_1)","decl":{"start":{"line":22,"column":14},"end":{"line":22,"column":15}},"loc":{"start":{"line":22,"column":20},"end":{"line":29,"column":5}},"line":22},"2":{"name":"(anonymous_2)","decl":{"start":{"line":25,"column":15},"end":{"line":25,"column":16}},"loc":{"start":{"line":25,"column":21},"end":{"line":27,"column":9}},"line":25}},"branchMap":{"0":{"loc":{"start":{"line":35,"column":16},"end":{"line":94,"column":26}},"type":"cond-expr","locations":[{"start":{"line":36,"column":22},"end":{"line":93,"column":26}},{"start":{"line":94,"column":22},"end":{"line":94,"column":26}}],"line":35},"1":{"loc":{"start":{"line":97,"column":16},"end":{"line":101,"column":26}},"type":"cond-expr","locations":[{"start":{"line":98,"column":22},"end":{"line":100,"column":26}},{"start":{"line":101,"column":22},"end":{"line":101,"column":26}}],"line":97}},"s":{"0":1,"1":3,"2":3,"3":3,"4":0,"5":0,"6":0,"7":0,"8":3},"f":{"0":3,"1":0,"2":0},"b":{"0":[1,2],"1":[1,2]},"_coverageSchema":"1a1c01bbd47fc00a2c39e90264f33305004495a9","hash":"93bd21dbce1a1229840e81cb629519b880af55a5"}
,"C:\\Users\\Alex\\Desktop\\testing\\git-users\\src\\store\\MainPageStore.tsx": {"path":"C:\\Users\\Alex\\Desktop\\testing\\git-users\\src\\store\\MainPageStore.tsx","statementMap":{"0":{"start":{"line":5,"column":24},"end":{"line":5,"column":26}},"1":{"start":{"line":6,"column":35},"end":{"line":6,"column":37}},"2":{"start":{"line":7,"column":29},"end":{"line":7,"column":34}},"3":{"start":{"line":8,"column":32},"end":{"line":8,"column":34}},"4":{"start":{"line":11,"column":8},"end":{"line":22,"column":10}},"5":{"start":{"line":25,"column":50},"end":{"line":28,"column":5}},"6":{"start":{"line":26,"column":8},"end":{"line":26,"column":30}},"7":{"start":{"line":27,"column":8},"end":{"line":27,"column":23}},"8":{"start":{"line":30,"column":66},"end":{"line":33,"column":5}},"9":{"start":{"line":31,"column":8},"end":{"line":31,"column":43}},"10":{"start":{"line":32,"column":8},"end":{"line":32,"column":56}},"11":{"start":{"line":32,"column":36},"end":{"line":32,"column":56}},"12":{"start":{"line":35,"column":15},"end":{"line":51,"column":5}},"13":{"start":{"line":36,"column":8},"end":{"line":50,"column":9}},"14":{"start":{"line":37,"column":12},"end":{"line":47,"column":13}},"15":{"start":{"line":38,"column":16},"end":{"line":38,"column":60}},"16":{"start":{"line":40,"column":28},"end":{"line":40,"column":86}},"17":{"start":{"line":41,"column":53},"end":{"line":41,"column":93}},"18":{"start":{"line":41,"column":82},"end":{"line":41,"column":92}},"19":{"start":{"line":42,"column":30},"end":{"line":42,"column":44}},"20":{"start":{"line":43,"column":16},"end":{"line":46,"column":18}},"21":{"start":{"line":44,"column":20},"end":{"line":44,"column":40}},"22":{"start":{"line":45,"column":20},"end":{"line":45,"column":47}},"23":{"start":{"line":49,"column":12},"end":{"line":49,"column":64}},"24":{"start":{"line":53,"column":39},"end":{"line":53,"column":56}},"25":{"start":{"line":55,"column":40},"end":{"line":55,"column":67}},"26":{"start":{"line":57,"column":35},"end":{"line":57,"column":67}}},"fnMap":{"0":{"name":"(anonymous_0)","decl":{"start":{"line":10,"column":4},"end":{"line":10,"column":5}},"loc":{"start":{"line":10,"column":18},"end":{"line":23,"column":5}},"line":10},"1":{"name":"(anonymous_1)","decl":{"start":{"line":25,"column":50},"end":{"line":25,"column":51}},"loc":{"start":{"line":25,"column":61},"end":{"line":28,"column":5}},"line":25},"2":{"name":"(anonymous_2)","decl":{"start":{"line":30,"column":66},"end":{"line":30,"column":67}},"loc":{"start":{"line":30,"column":77},"end":{"line":33,"column":5}},"line":30},"3":{"name":"(anonymous_3)","decl":{"start":{"line":35,"column":15},"end":{"line":35,"column":16}},"loc":{"start":{"line":35,"column":27},"end":{"line":51,"column":5}},"line":35},"4":{"name":"(anonymous_4)","decl":{"start":{"line":41,"column":75},"end":{"line":41,"column":76}},"loc":{"start":{"line":41,"column":82},"end":{"line":41,"column":92}},"line":41},"5":{"name":"(anonymous_5)","decl":{"start":{"line":43,"column":28},"end":{"line":43,"column":29}},"loc":{"start":{"line":43,"column":34},"end":{"line":46,"column":17}},"line":43},"6":{"name":"(anonymous_6)","decl":{"start":{"line":53,"column":4},"end":{"line":53,"column":5}},"loc":{"start":{"line":53,"column":37},"end":{"line":53,"column":58}},"line":53},"7":{"name":"(anonymous_7)","decl":{"start":{"line":55,"column":4},"end":{"line":55,"column":5}},"loc":{"start":{"line":55,"column":38},"end":{"line":55,"column":69}},"line":55},"8":{"name":"(anonymous_8)","decl":{"start":{"line":57,"column":4},"end":{"line":57,"column":5}},"loc":{"start":{"line":57,"column":33},"end":{"line":57,"column":69}},"line":57}},"branchMap":{"0":{"loc":{"start":{"line":32,"column":8},"end":{"line":32,"column":56}},"type":"if","locations":[{"start":{"line":32,"column":8},"end":{"line":32,"column":56}},{"start":{"line":32,"column":8},"end":{"line":32,"column":56}}],"line":32},"1":{"loc":{"start":{"line":37,"column":12},"end":{"line":47,"column":13}},"type":"if","locations":[{"start":{"line":37,"column":12},"end":{"line":47,"column":13}},{"start":{"line":37,"column":12},"end":{"line":47,"column":13}}],"line":37}},"s":{"0":3,"1":3,"2":3,"3":3,"4":3,"5":3,"6":0,"7":0,"8":3,"9":0,"10":0,"11":0,"12":3,"13":0,"14":0,"15":0,"16":0,"17":0,"18":0,"19":0,"20":0,"21":0,"22":0,"23":0,"24":1,"25":1,"26":1},"f":{"0":3,"1":0,"2":0,"3":0,"4":0,"5":0,"6":1,"7":1,"8":1},"b":{"0":[0,0],"1":[0,0]},"_coverageSchema":"1a1c01bbd47fc00a2c39e90264f33305004495a9","hash":"e0e177ce848c7f7b3f473f19a171cbe1a77e07b5"}
,"C:\\Users\\Alex\\Desktop\\testing\\git-users\\src\\store\\StoreContext.tsx": {"path":"C:\\Users\\Alex\\Desktop\\testing\\git-users\\src\\store\\StoreContext.tsx","statementMap":{"0":{"start":{"line":6,"column":40},"end":{"line":10,"column":1}},"1":{"start":{"line":12,"column":28},"end":{"line":12,"column":69}},"2":{"start":{"line":14,"column":57},"end":{"line":20,"column":1}},"3":{"start":{"line":15,"column":4},"end":{"line":19,"column":5}},"4":{"start":{"line":22,"column":24},"end":{"line":28,"column":1}},"5":{"start":{"line":23,"column":18},"end":{"line":23,"column":42}},"6":{"start":{"line":24,"column":4},"end":{"line":26,"column":5}},"7":{"start":{"line":25,"column":8},"end":{"line":25,"column":113}},"8":{"start":{"line":27,"column":4},"end":{"line":27,"column":16}}},"fnMap":{"0":{"name":"(anonymous_0)","decl":{"start":{"line":14,"column":57},"end":{"line":14,"column":58}},"loc":{"start":{"line":14,"column":73},"end":{"line":20,"column":1}},"line":14},"1":{"name":"(anonymous_1)","decl":{"start":{"line":22,"column":24},"end":{"line":22,"column":25}},"loc":{"start":{"line":22,"column":30},"end":{"line":28,"column":1}},"line":22}},"branchMap":{"0":{"loc":{"start":{"line":24,"column":4},"end":{"line":26,"column":5}},"type":"if","locations":[{"start":{"line":24,"column":4},"end":{"line":26,"column":5}},{"start":{"line":24,"column":4},"end":{"line":26,"column":5}}],"line":24}},"s":{"0":3,"1":3,"2":3,"3":7,"4":3,"5":14,"6":14,"7":0,"8":14},"f":{"0":7,"1":14},"b":{"0":[0,14]},"_coverageSchema":"1a1c01bbd47fc00a2c39e90264f33305004495a9","hash":"add9da814c3dd46ab33e6689e1be80aa0d6dfd10"}
}
