TN:
SF:src\Components\InputUser\InputUser.tsx
FN:5,(anonymous_0)
FNF:1
FNH:1
FNDA:5,(anonymous_0)
DA:5,2
DA:7,5
DA:9,5
DA:10,5
DA:12,5
DA:13,2
DA:14,2
DA:17,5
LF:8
LH:8
BRDA:12,0,0,2
BRDA:12,0,1,3
BRF:2
BRH:2
end_of_record
TN:
SF:src\Components\RepoCard\RepoCard.tsx
FN:10,(anonymous_0)
FNF:1
FNH:1
FNDA:2,(anonymous_0)
DA:10,2
DA:12,2
LF:2
LH:2
BRF:0
BRH:0
end_of_record
TN:
SF:src\Components\RepoCard\RepoCardInfo\RepoCardInfo.tsx
FN:8,(anonymous_0)
FNF:1
FNH:1
FNDA:2,(anonymous_0)
DA:8,3
DA:9,2
DA:10,2
DA:12,2
DA:13,1
DA:20,1
LF:6
LH:6
BRDA:10,0,0,2
BRDA:10,0,1,2
BRDA:10,0,2,2
BRDA:10,0,3,2
BRDA:12,1,0,1
BRDA:12,1,1,1
BRF:6
BRH:6
end_of_record
TN:
SF:src\Components\UserCard\UserCard.tsx
FN:9,(anonymous_0)
FNF:1
FNH:1
FNDA:4,(anonymous_0)
DA:9,2
DA:11,4
LF:2
LH:2
BRF:0
BRH:0
end_of_record
TN:
SF:src\Components\UserInfoBlock\UserInfoBlock.tsx
FN:7,(anonymous_0)
FNF:1
FNH:1
FNDA:13,(anonymous_0)
DA:7,2
DA:8,13
DA:9,13
DA:11,13
DA:12,6
DA:25,7
LF:6
LH:6
BRDA:9,0,0,13
BRDA:9,0,1,13
BRDA:9,0,2,9
BRDA:9,0,3,9
BRDA:11,1,0,6
BRDA:11,1,1,7
BRDA:17,2,0,1
BRDA:17,2,1,5
BRF:8
BRH:8
end_of_record
TN:
SF:src\Pages\MainPage\MainPage.tsx
FN:9,(anonymous_0)
FN:20,(anonymous_1)
FNF:2
FNH:2
FNDA:2,(anonymous_0)
FNDA:2,(anonymous_1)
DA:9,1
DA:11,2
DA:13,2
DA:21,2
LF:4
LH:4
BRDA:19,0,0,1
BRDA:19,0,1,1
BRF:2
BRH:2
end_of_record
TN:
SF:src\Pages\UserPage\UserPage.tsx
FN:17,(anonymous_0)
FN:22,(anonymous_1)
FN:25,(anonymous_2)
FNF:3
FNH:1
FNDA:3,(anonymous_0)
FNDA:0,(anonymous_1)
FNDA:0,(anonymous_2)
DA:17,1
DA:19,3
DA:20,3
DA:22,3
DA:23,0
DA:24,0
DA:25,0
DA:26,0
DA:31,3
LF:9
LH:5
BRDA:35,0,0,1
BRDA:35,0,1,2
BRDA:97,1,0,1
BRDA:97,1,1,2
BRF:4
BRH:4
end_of_record
TN:
SF:src\store\MainPageStore.tsx
FN:10,(anonymous_0)
FN:25,(anonymous_1)
FN:30,(anonymous_2)
FN:35,(anonymous_3)
FN:41,(anonymous_4)
FN:43,(anonymous_5)
FN:53,(anonymous_6)
FN:55,(anonymous_7)
FN:57,(anonymous_8)
FNF:9
FNH:4
FNDA:3,(anonymous_0)
FNDA:0,(anonymous_1)
FNDA:0,(anonymous_2)
FNDA:0,(anonymous_3)
FNDA:0,(anonymous_4)
FNDA:0,(anonymous_5)
FNDA:1,(anonymous_6)
FNDA:1,(anonymous_7)
FNDA:1,(anonymous_8)
DA:5,3
DA:6,3
DA:7,3
DA:8,3
DA:11,3
DA:25,3
DA:26,0
DA:27,0
DA:30,3
DA:31,0
DA:32,0
DA:35,3
DA:36,0
DA:37,0
DA:38,0
DA:40,0
DA:41,0
DA:42,0
DA:43,0
DA:44,0
DA:45,0
DA:49,0
DA:53,1
DA:55,1
DA:57,1
LF:25
LH:11
BRDA:32,0,0,0
BRDA:32,0,1,0
BRDA:37,1,0,0
BRDA:37,1,1,0
BRF:4
BRH:0
end_of_record
TN:
SF:src\store\StoreContext.tsx
FN:14,(anonymous_0)
FN:22,(anonymous_1)
FNF:2
FNH:2
FNDA:7,(anonymous_0)
FNDA:14,(anonymous_1)
DA:6,3
DA:12,3
DA:14,3
DA:15,7
DA:22,3
DA:23,14
DA:24,14
DA:25,0
DA:27,14
LF:9
LH:8
BRDA:24,0,0,0
BRDA:24,0,1,14
BRF:2
BRH:1
end_of_record
